<?xml version="1.0" encoding="UTF-8"?>
<!-- Generated by org.testng.reporters.JUnitReportReporter -->
<testsuite hostname="LAPTOP-OM27N3KO" failures="0" tests="2" name="TestNG_Practice.RegisterNewUSer" time="11.091" errors="0" timestamp="2025-03-25T18:06:15 IST" skipped="0">
  <testcase classname="TestNG_Practice.RegisterNewUSer" name="registerNewUSerWithValidDetails" time="2.586"/>
  <testcase classname="TestNG_Practice.RegisterNewUSer" name="loginWithNewUser" time="8.505"/>
</testsuite> <!-- TestNG_Practice.RegisterNewUSer -->
