<?xml version="1.0" encoding="UTF-8"?>
<!-- Generated by org.testng.reporters.JUnitReportReporter -->
<testsuite hostname="LAPTOP-OM27N3KO" failures="0" tests="2" name="TestNG_Practice.LoginLogOutScenario" time="3.614" errors="0" timestamp="2025-06-18T07:23:46 IST" skipped="0">
  <testcase classname="TestNG_Practice.LoginLogOutScenario" name="logoutFromApplication" time="0.710"/>
  <testcase classname="TestNG_Practice.LoginLogOutScenario" name="loginWithValidScenario" time="2.904"/>
</testsuite> <!-- TestNG_Practice.LoginLogOutScenario -->
