<?xml version="1.0" encoding="UTF-8"?>
<!-- Generated by org.testng.reporters.JUnitReportReporter -->
<testsuite hostname="LAPTOP-OM27N3KO" failures="0" tests="1" name="First.TestNG" time="5.453" errors="0" timestamp="2025-03-19T22:36:17 IST" skipped="0">
  <testcase classname="First.TestNG" name="LoginLogOutScenario" time="5.453"/>
</testsuite> <!-- First.TestNG -->
