<?xml version="1.0" encoding="UTF-8"?>
<!-- Generated by org.testng.reporters.JUnitReportReporter -->
<testsuite hostname="LAPTOP-OM27N3KO" failures="0" tests="3" name="TestNG_Practice.CrossBrowser_Parallel" time="18.845" errors="0" timestamp="2025-06-16T21:49:22 IST" skipped="0">
  <testcase classname="TestNG_Practice.CrossBrowser_Parallel" name="LoginandLogout" time="7.279"/>
  <testcase classname="TestNG_Practice.CrossBrowser_Parallel" name="LoginandLogout" time="5.454"/>
  <testcase classname="TestNG_Practice.CrossBrowser_Parallel" name="LoginandLogout" time="6.112"/>
</testsuite> <!-- TestNG_Practice.CrossBrowser_Parallel -->
