<?xml version="1.0" encoding="UTF-8"?>
<!-- Generated by org.testng.reporters.JUnitReportReporter -->
<testsuite hostname="LAPTOP-OM27N3KO" failures="0" tests="2" name="First.LoginLogOutScenario" time="3.846" errors="0" timestamp="2025-03-25T17:17:22 IST" skipped="0">
  <testcase classname="First.LoginLogOutScenario" name="loginWithValidScenario" time="3.229"/>
  <testcase classname="First.LoginLogOutScenario" name="logoutFromApplication" time="0.617"/>
</testsuite> <!-- First.LoginLogOutScenario -->
