<?xml version="1.0" encoding="UTF-8"?>
<!-- Generated by org.testng.reporters.JUnitReportReporter -->
<testsuite hostname="LAPTOP-OM27N3KO" failures="0" tests="2" name="TestNG_Practice.LoginLogOutScenario" time="3.202" errors="0" timestamp="2025-03-25T18:06:15 IST" skipped="0">
  <testcase classname="TestNG_Practice.LoginLogOutScenario" name="loginWithValidScenario" time="2.672"/>
  <testcase classname="TestNG_Practice.LoginLogOutScenario" name="logoutFromApplication" time="0.530"/>
</testsuite> <!-- TestNG_Practice.LoginLogOutScenario -->
