<?xml version="1.0" encoding="UTF-8"?>
<!-- Generated by org.testng.reporters.JUnitReportReporter -->
<testsuite hostname="LAPTOP-OM27N3KO" failures="0" tests="2" name="TestNG_Practice.LoginLogOutScenario" time="3.535" errors="0" timestamp="2025-06-15T21:24:47 IST" skipped="0">
  <testcase classname="TestNG_Practice.LoginLogOutScenario" name="loginWithValidScenario" time="2.868"/>
  <testcase classname="TestNG_Practice.LoginLogOutScenario" name="logoutFromApplication" time="0.667"/>
</testsuite> <!-- TestNG_Practice.LoginLogOutScenario -->
